<?xml version="1.0" encoding="UTF-8"?>
<!-- Generated by org.testng.reporters.JUnitXMLReporter -->
<testsuite ignored="0" hostname="Shasthri" failures="1" tests="7" name="Test" time="0.068" errors="0" timestamp="2024-12-04T08:03:21 IST">
  <testcase classname="Demo.CustomerModule" name="CreateCustomer" time="0.011">
    <failure type="java.lang.AssertionError" message="null">
      <![CDATA[java.lang.AssertionError: null
at Demo.CustomerModule.CreateCustomer(CustomerModule.java:10)
at java.base/java.util.ArrayList.forEach(ArrayList.java:1596)
... Removed 27 stack frames]]>
    </failure>
  </testcase> <!-- CreateCustomer -->
  <testcase classname="Demo.CustomerModule" name="deleteCustomer" time="0.001"/>
  <testcase classname="Demo.CustomerModule" name="ModifyCustomer" time="0.0">
    <skipped/>
  </testcase> <!-- ModifyCustomer -->
  <testcase classname="Demo.demo" name="demoa" time="0.001"/>
  <testcase classname="Demo.DemoTest" name="Demo" time="0.001"/>
  <testcase classname="Demo.DemoTest" name="DemoB" time="0.001"/>
  <testcase classname="Demo.DemoTest" name="demo" time="0.001"/>
</testsuite> <!-- Test -->
